0 info it worked if it ends with ok
1 verbose cli [ 'D:\\Program Files\\nodejs\\node.exe',
1 verbose cli   'C:\\Users\\colin\\AppData\\Roaming\\npm\\node_modules\\npm\\bin\\npm-cli.js',
1 verbose cli   'run',
1 verbose cli   'tsc:w' ]
2 info using npm@3.10.2
3 info using node@v6.2.2
4 verbose run-script [ 'pretsc:w', 'tsc:w', 'posttsc:w' ]
5 info lifecycle angular2-tour-of-heroes@1.0.0~pretsc:w: angular2-tour-of-heroes@1.0.0
6 silly lifecycle angular2-tour-of-heroes@1.0.0~pretsc:w: no script for pretsc:w, continuing
7 info lifecycle angular2-tour-of-heroes@1.0.0~tsc:w: angular2-tour-of-heroes@1.0.0
8 verbose lifecycle angular2-tour-of-heroes@1.0.0~tsc:w: unsafe-perm in lifecycle true
9 verbose lifecycle angular2-tour-of-heroes@1.0.0~tsc:w: PATH: C:\Users\colin\AppData\Roaming\npm\node_modules\npm\bin\node-gyp-bin;F:\workspaces\webStorm\angular2-tour-of-heroes\node_modules\.bin;D:\Program Files\nodejs;C:\Users\colin\AppData\Roaming\npm\node_modules\npm\bin\node-gyp-bin;F:\workspaces\webStorm\angular2-tour-of-heroes\node_modules\.bin;D:\Program Files\nodejs;C:\Users\colin\bin;D:\Program Files\Git\mingw64\bin;D:\Program Files\Git\usr\local\bin;D:\Program Files\Git\usr\bin;D:\Program Files\Git\usr\bin;D:\Program Files\Git\mingw64\bin;D:\Program Files\Git\usr\bin;C:\Python27;C:\Python27\Scripts;C:\oracle\product\10.2.0\db_1\bin;D:\csvn\bin;D:\csvn\Python25;D:\PROGRA~2\TimesTen\TT1122~1\bin;D:\PROGRA~2\TimesTen\TT1122~1\ttoracle_home\instantclient_11_2;C:\Windows\system32;C:\Windows;C:\Windows\System32\Wbem;C:\Windows\System32\WindowsPowerShell\v1.0;D:\Program Files\Java\jdk1.7.0_75\bin;D:\myUnzip\apache-maven-3.2.1-bin\apache-maven-3.2.1\bin;D:\Program Files\TortoiseSVN\bin;D:\myUnzip\mysql-server-5.6.19\bin;D:\myUnzip\apache-ant-1.9.6\bin;D:\myUnzip\apache-groovy-sdk-2.4.6\groovy-2.4.6\bin;D:\myUnzip\redis-2.4.5-win32-win64\64bit;C:\Python27;D:\Program Files\nodejs;D:\Program Files\Git\cmd;D:\Program Files\Git\mingw64\bin;D:\Program Files\Git\mingw64\libexec\git-core;C:\Users\colin\AppData\Roaming\npm;D:\Program Files\Git\usr\bin\vendor_perl;D:\Program Files\Git\usr\bin\core_perl
10 verbose lifecycle angular2-tour-of-heroes@1.0.0~tsc:w: CWD: F:\workspaces\webStorm\angular2-tour-of-heroes
11 silly lifecycle angular2-tour-of-heroes@1.0.0~tsc:w: Args: [ '/d /s /c', 'tsc -w' ]
12 silly lifecycle angular2-tour-of-heroes@1.0.0~tsc:w: Returned: code: 512  signal: null
13 info lifecycle angular2-tour-of-heroes@1.0.0~tsc:w: Failed to exec tsc:w script
14 verbose stack Error: angular2-tour-of-heroes@1.0.0 tsc:w: `tsc -w`
14 verbose stack Exit status 512
14 verbose stack     at EventEmitter.<anonymous> (C:\Users\colin\AppData\Roaming\npm\node_modules\npm\lib\utils\lifecycle.js:242:16)
14 verbose stack     at emitTwo (events.js:106:13)
14 verbose stack     at EventEmitter.emit (events.js:191:7)
14 verbose stack     at ChildProcess.<anonymous> (C:\Users\colin\AppData\Roaming\npm\node_modules\npm\lib\utils\spawn.js:40:14)
14 verbose stack     at emitTwo (events.js:106:13)
14 verbose stack     at ChildProcess.emit (events.js:191:7)
14 verbose stack     at maybeClose (internal/child_process.js:852:16)
14 verbose stack     at Process.ChildProcess._handle.onexit (internal/child_process.js:215:5)
15 verbose pkgid angular2-tour-of-heroes@1.0.0
16 verbose cwd F:\workspaces\webStorm\angular2-tour-of-heroes
17 error Windows_NT 6.1.7601
18 error argv "D:\\Program Files\\nodejs\\node.exe" "C:\\Users\\colin\\AppData\\Roaming\\npm\\node_modules\\npm\\bin\\npm-cli.js" "run" "tsc:w"
19 error node v6.2.2
20 error npm  v3.10.2
21 error code ELIFECYCLE
22 error angular2-tour-of-heroes@1.0.0 tsc:w: `tsc -w`
22 error Exit status 512
23 error Failed at the angular2-tour-of-heroes@1.0.0 tsc:w script 'tsc -w'.
23 error Make sure you have the latest version of node.js and npm installed.
23 error If you do, this is most likely a problem with the angular2-tour-of-heroes package,
23 error not with npm itself.
23 error Tell the author that this fails on your system:
23 error     tsc -w
23 error You can get information on how to open an issue for this project with:
23 error     npm bugs angular2-tour-of-heroes
23 error Or if that isn't available, you can get their info via:
23 error     npm owner ls angular2-tour-of-heroes
23 error There is likely additional logging output above.
24 verbose exit [ 1, true ]
